/home/izi2sgh/MYDATA/quanjie/liren/envs/da3/bin/python
Python 3.10.20
Sun Apr 26 16:37:13 2026       
+-----------------------------------------------------------------------------------------+
| NVIDIA-SMI 590.48.01              Driver Version: 590.48.01      CUDA Version: 13.1     |
+-----------------------------------------+------------------------+----------------------+
| GPU  Name                 Persistence-M | Bus-Id          Disp.A | Volatile Uncorr. ECC |
| Fan  Temp   Perf          Pwr:Usage/Cap |           Memory-Usage | GPU-Util  Compute M. |
|                                         |                        |               MIG M. |
|=========================================+========================+======================|
|   0  NVIDIA H200                    On  |   00000000:87:00.0 Off |                    0 |
| N/A   31C    P0             79W /  700W |       0MiB / 143771MiB |      0%   E. Process |
|                                         |                        |             Disabled |
+-----------------------------------------+------------------------+----------------------+

+-----------------------------------------------------------------------------------------+
| Processes:                                                                              |
====================================================
[run] DA3-Metric KITTI training
====================================================
[cfg] -> /home/izi2sgh/MYDATA/quanjie/liren/DA3-Metric-Repro/runs/da3metric_kitti_v0
{
  "out_dir": "/home/izi2sgh/MYDATA/quanjie/liren/DA3-Metric-Repro/runs/da3metric_kitti_v0",
  "device": "cuda",
  "amp": "bf16",
  "process_res": 504,
  "model": {
    "init_ckpt": "/home/izi2sgh/MYDATA/quanjie/liren/DA3-Metric-Repro/checkpoints/DA3-LARGE",
    "freeze_backbone": true
  },
  "data": {
    "kitti": {
      "data_root": "/home/izi2sgh/MYDATA/quanjie/liren/depth-v3/training-for-depth-anything-v3/kitti_root",
      "split_file": "/home/izi2sgh/MYDATA/quanjie/liren/depth-v3/training-for-depth-anything-v3/splits/eigen_train_files.txt",
      "min_depth": 0.001,
      "max_depth": 80.0
    }
  },
  "loss": {
    "w_silog": 1.0,
    "w_l1": 0.1,
    "w_grad": 0.5,
    "silog_variance_focus": 0.85
  },
  "train": {
    "batch_size": 4,
    "num_workers": 6,
    "max_epochs": 8,
    "lr": 5e-05,
    "backbone_lr_factor": 0.1,
    "weight_decay": 0.01,
    "warmup_steps": 500,
    "grad_clip": 1.0,
    "log_every": 20,
    "eval_every": 500,
    "save_every": 1000
  }
}
[data] building datasets ...
  KITTI train: 23158 samples
[model] loading DA3-LARGE init ...
[93m[WARN ] Dependency `gsplat` is required for rendering 3DGS. Install via: pip install git+https://github.com/nerfstudio-project/gsplat.git@0b4dddf04cb687367602c01196913cde6a743d70[0m
[97m[INFO ] using MLP layer as FFN[0m
Loading weights from local directory
[DA3MetricTrainable] frozen=312.8M  trainable=98.2M
[model] ready in 24.8s
[optim] decoder=98.2M backbone=0.0M
[train] 8 epochs * 5789 steps/ep = 46312 total
[smoke] capping at 50 steps
  [ep00 step     0/50] loss=11.0709  silog=10.7863  l1=2.7405  grad=0.0211  lr=1.00e-07  (1.5s)
  [ep00 step    20/50] loss=9.8594  silog=9.6103  l1=2.3701  grad=0.0242  lr=2.10e-06  (2.3s)
  [ep00 step    40/50] loss=10.7418  silog=10.4771  l1=2.5511  grad=0.0192  lr=4.10e-06  (3.1s)
[done] final ckpt -> /home/izi2sgh/MYDATA/quanjie/liren/DA3-Metric-Repro/runs/da3metric_kitti_v0/ckpts/final.pt
[done]

------------------------------------------------------------
Sender: LSF System <jdl1fe@rng-dl01-w24n13>
Subject: Job 12223033: <da3metric_kitti> in cluster <rng-dl01> Done

Job <da3metric_kitti> was submitted from host <rng-dl01-login7> by user <izi2sgh> in cluster <rng-dl01> at Sun Apr 26 16:36:18 2026
Job was executed on host(s) <8*rng-dl01-w24n13>, in queue <batch_h200>, as user <izi2sgh> in cluster <rng-dl01> at Sun Apr 26 16:36:40 2026
</home/izi2sgh> was used as the home directory.
</home/izi2sgh/MYDATA/quanjie/liren/DA3-Metric-Repro> was used as the working directory.
Started at Sun Apr 26 16:36:40 2026
Terminated at Sun Apr 26 16:38:04 2026
Results reported at Sun Apr 26 16:38:04 2026

Your job looked like:

------------------------------------------------------------
# LSBATCH: User input
#!/bin/bash -l
#BSUB -J da3metric_kitti
#BSUB -q batch_h200
#BSUB -P BH-000425-08-05
#BSUB -gpu "num=1:mode=exclusive_process"
#BSUB -n 8
#BSUB -M 32768
#BSUB -W 24:00
#BSUB -o /home/izi2sgh/MYDATA/quanjie/liren/DA3-Metric-Repro/scripts/jobs/train_kitti.%J.stdout
#BSUB -e /home/izi2sgh/MYDATA/quanjie/liren/DA3-Metric-Repro/scripts/jobs/train_kitti.%J.stderr

set -e
module purge
module load conda/25.1.1
module load cuda/12.4.0

ENV=/home/izi2sgh/MYDATA/quanjie/liren/envs/da3
export PATH="${ENV}/bin:${PATH}"
export PYTHONNOUSERSITE=1
export TORCH_CUDA_ARCH_LIST="9.0"
export OMP_NUM_THREADS=4
export TOKENIZERS_PARALLELISM=false

cd /home/izi2sgh/MYDATA/quanjie/liren/DA3-Metric-Repro
which python
python --version
nvidia-smi | head -15

echo "===================================================="
echo "[run] DA3-Metric KITTI training"
echo "===================================================="

# Default: full training. Pass SMOKE=1 in env for 50-step smoke test.
SMOKE_FLAG=""
if [[ "${SMOKE:-0}" == "1" ]]; then
    SMOKE_FLAG="--smoke"
fi

python -u train/train.py \
    --config configs/metric_kitti.yaml \
    ${SMOKE_FLAG}

echo "[done]"

------------------------------------------------------------

Successfully completed.

Resource usage summary:

    CPU time :                                   24.16 sec.
    Max Memory :                                 421 MB
    Average Memory :                             218.67 MB
    Total Requested Memory :                     262144.00 MB
    Delta Memory :                               261723.00 MB
    Max Swap :                                   -
    Max Processes :                              4
    Max Threads :                                11
    Run time :                                   75 sec.
    Turnaround time :                            106 sec.

The output (if any) is above this job summary.



PS:

Read file </home/izi2sgh/MYDATA/quanjie/liren/DA3-Metric-Repro/scripts/jobs/train_kitti.12223033.stderr> for stderr output of this job.

